<?xml version="1.0" encoding="UTF-8"?>
<testsuite name="com.senac.biblioteca.service.EmprestimoServiceTest" tests="2" skipped="0" failures="0" errors="0" timestamp="2026-09-04T19:22:00" hostname="L05-033781" time="0.02">
  <properties/>
  <testcase name="deveDevolverEmprestimoAtivoUmaUnicaVez()" classname="com.senac.biblioteca.service.EmprestimoServiceTest" time="0.017"/>
  <testcase name="deveRecusarEmprestimoQueJaFoiDevolvido()" classname="com.senac.biblioteca.service.EmprestimoServiceTest" time="0.002"/>
  <system-out><![CDATA[]]></system-out>
  <system-err><![CDATA[]]></system-err>
</testsuite>
