<?xml version="1.0" encoding="UTF-8"?>
<testsuite name="com.senac.biblioteca.service.LivroServiceTest" tests="2" skipped="0" failures="0" errors="0" timestamp="2026-09-03T23:42:18" hostname="DESKTOP-MF5V6ST" time="0.005">
  <properties/>
  <testcase name="deveDecrementarQuandoHaExemplarDisponivel()" classname="com.senac.biblioteca.service.LivroServiceTest" time="0.002"/>
  <testcase name="deveRecusarEmprestimoQuandoNaoHaExemplarDisponivel()" classname="com.senac.biblioteca.service.LivroServiceTest" time="0.002"/>
  <system-out><![CDATA[]]></system-out>
  <system-err><![CDATA[]]></system-err>
</testsuite>
